<?xml version="1.0" encoding="UTF-8"?>
<testng-results ignored="0" total="2" passed="2" failed="0" skipped="0">
  <reporter-output>
  </reporter-output>
  <suite started-at="2024-09-05T01:40:03 IST" name="Default suite" finished-at="2024-09-05T01:40:40 IST" duration-ms="37489">
    <groups>
    </groups>
    <test started-at="2024-09-05T01:40:03 IST" name="Default test" finished-at="2024-09-05T01:40:40 IST" duration-ms="37489">
      <class name="com.prexo.tests.Testcases">
        <test-method is-config="true" signature="setUp(org.testng.ITestResult)[pri:0, instance:com.prexo.tests.Testcases@498d318c]" started-at="2024-09-05T01:40:03 IST" name="setUp" finished-at="2024-09-05T01:40:03 IST" duration-ms="234" status="PASS">
          <params>
            <param index="0">
              <value>
                <![CDATA[[TestResult name={null} status=CREATED method=Testcases.verifyChrome()[pri:2, instance:com.prexo.tests.Testcases@498d318c] output={null}]]]>
              </value>
            </param>
          </params>
          <reporter-output>
          </reporter-output>
        </test-method> <!-- setUp -->
        <test-method signature="verifyChrome()[pri:2, instance:com.prexo.tests.Testcases@498d318c]" started-at="2024-09-05T01:40:03 IST" name="verifyChrome" finished-at="2024-09-05T01:40:17 IST" duration-ms="14407" status="PASS">
          <reporter-output>
          </reporter-output>
        </test-method> <!-- verifyChrome -->
        <test-method is-config="true" signature="tearDown(org.testng.ITestResult)[pri:0, instance:com.prexo.tests.Testcases@498d318c]" started-at="2024-09-05T01:40:17 IST" name="tearDown" finished-at="2024-09-05T01:40:18 IST" duration-ms="858" status="PASS">
          <params>
            <param index="0">
              <value>
                <![CDATA[[TestResult name=verifyChrome status=SUCCESS method=Testcases.verifyChrome()[pri:2, instance:com.prexo.tests.Testcases@498d318c] output={null}]]]>
              </value>
            </param>
          </params>
          <reporter-output>
          </reporter-output>
        </test-method> <!-- tearDown -->
        <test-method is-config="true" signature="setUp(org.testng.ITestResult)[pri:0, instance:com.prexo.tests.Testcases@498d318c]" started-at="2024-09-05T01:40:18 IST" name="setUp" finished-at="2024-09-05T01:40:18 IST" duration-ms="0" status="PASS">
          <params>
            <param index="0">
              <value>
                <![CDATA[[TestResult name={null} status=CREATED method=Testcases.verifyFireFox()[pri:3, instance:com.prexo.tests.Testcases@498d318c] output={null}]]]>
              </value>
            </param>
          </params>
          <reporter-output>
          </reporter-output>
        </test-method> <!-- setUp -->
        <test-method signature="verifyFireFox()[pri:3, instance:com.prexo.tests.Testcases@498d318c]" started-at="2024-09-05T01:40:18 IST" name="verifyFireFox" finished-at="2024-09-05T01:40:39 IST" duration-ms="20538" status="PASS">
          <reporter-output>
          </reporter-output>
        </test-method> <!-- verifyFireFox -->
        <test-method is-config="true" signature="tearDown(org.testng.ITestResult)[pri:0, instance:com.prexo.tests.Testcases@498d318c]" started-at="2024-09-05T01:40:39 IST" name="tearDown" finished-at="2024-09-05T01:40:40 IST" duration-ms="1419" status="PASS">
          <params>
            <param index="0">
              <value>
                <![CDATA[[TestResult name=verifyFireFox status=SUCCESS method=Testcases.verifyFireFox()[pri:3, instance:com.prexo.tests.Testcases@498d318c] output={null}]]]>
              </value>
            </param>
          </params>
          <reporter-output>
          </reporter-output>
        </test-method> <!-- tearDown -->
      </class> <!-- com.prexo.tests.Testcases -->
    </test> <!-- Default test -->
  </suite> <!-- Default suite -->
</testng-results>
